<?xml version="1.0" encoding="UTF-8"?>
<testsuite xmlns:xsi="http://www.w3.org/2001/XMLSchema-instance" xsi:noNamespaceSchemaLocation="https://maven.apache.org/surefire/maven-surefire-plugin/xsd/surefire-test-report.xsd" name="fis.java.topic8.CalculationTest" time="0.184" tests="1" errors="1" skipped="0" failures="0">
  <properties>
[...]
</properties>
  <testcase name="initializationError" classname="fis.java.topic8.CalculationTest" time="0.069">
    <error message="Method setUp() should be static" type="java.lang.Exception">java.lang.Exception: Method setUp() should be static
</error>
  </testcase>
</testsuite>